========================================================================
                       Bochs x86 Emulator 2.6.9
               Built from SVN snapshot on April 9, 2017
                  Compiled on Aug 21 2020 at 09:28:41
========================================================================
Next at t=0
(0) [0x0000fffffff0] f000:fff0 (unk. ctxt): jmpf 0xf000:e05b          ; ea5be000f0
<bochs:1> <bochs:2> (0) Breakpoint 1, 0x0000b124 in ?? ()
Next at t=116315047
(0) [0x00000000b124] 0008:0000b124 (unk. ctxt): xchg dword ptr ss:[esp], eax ; 870424
<bochs:3> [bochs]:
0x0001fa20 <bogus+       0>:	0x00fff000
<bochs:4> CR0=0x8000001b: PG cd nw ac wp ne ET TS em MP PE
CR2=page fault laddr=0x0402574c
CR3=0x000000000000
    PCD=page-level cache disable=0
    PWT=page-level write-through=0
CR4=0x00000000: pke smap smep osxsave pcid fsgsbase smx vmx osxmmexcpt umip osfxsr pce pge mce pae pse de tsd pvi vme
EFER=0x00000000: ffxsr nxe lma lme sce
<bochs:5> [bochs]:
0x00000000 <bogus+       0>:	0x00001027	0x00002007	0x00003007	0x00004027
0x00000010 <bogus+      16>:	0x00000000	0x00000000	0x00000000	0x00000000
0x00000020 <bogus+      32>:	0x00000000	0x00000000	0x00000000	0x00000000
0x00000030 <bogus+      48>:	0x00000000	0x00000000	0x00000000	0x00000000
0x00000040 <bogus+      64>:	0x00ffe027
<bochs:6> [bochs]:
0x00ffe000 <bogus+       0>:	0x00000065	0x00001025	0x00002005	0x00003005
0x00ffe010 <bogus+      16>:	0x00004005	0x00005065	0x00006065	0x00007025
0x00ffe020 <bogus+      32>:	0x00008025	0x00009005	0x0000a025	0x0000b025
0x00ffe030 <bogus+      48>:	0x0000c005	0x0000d025	0x0000e005	0x0000f005
0x00ffe040 <bogus+      64>:	0x00010005	0x00011005	0x00012025	0x00013025
0x00ffe050 <bogus+      80>:	0x00014025	0x00015025	0x00016025	0x00017025
0x00ffe060 <bogus+      96>:	0x00018005	0x00019025	0x0001a005	0x0001b005
0x00ffe070 <bogus+     112>:	0x0001c005	0x0001d005	0x0001e065	0x0001f065
0x00ffe080 <bogus+     128>:	0x00020025	0x00021025	0x00022065	0x00023065
0x00ffe090 <bogus+     144>:	0x00024065	0x00025065
<bochs:7> <bochs:8> (0) Breakpoint 2, 0x0000b15a in ?? ()
Next at t=116317191
(0) [0x00000000b15a] 0008:0000b15a (unk. ctxt): iret                      ; cf
<bochs:9> [bochs]:
0x00000000 <bogus+       0>:	0x00001027	0x00002007	0x00003007	0x00004027
0x00000010 <bogus+      16>:	0x00000000	0x00000000	0x00000000	0x00000000
0x00000020 <bogus+      32>:	0x00000000	0x00000000	0x00000000	0x00000000
0x00000030 <bogus+      48>:	0x00000000	0x00000000	0x00000000	0x00000000
0x00000040 <bogus+      64>:	0x00ffe027
<bochs:10> [bochs]:
0x00ffe000 <bogus+       0>:	0x00000065	0x00001025	0x00002005	0x00003005
0x00ffe010 <bogus+      16>:	0x00004005	0x00005065	0x00006065	0x00007025
0x00ffe020 <bogus+      32>:	0x00008025	0x00009005	0x0000a025	0x0000b025
0x00ffe030 <bogus+      48>:	0x0000c005	0x0000d025	0x0000e005	0x0000f005
0x00ffe040 <bogus+      64>:	0x00010005	0x00011005	0x00012025	0x00013025
0x00ffe050 <bogus+      80>:	0x00014025	0x00015025	0x00016025	0x00017025
0x00ffe060 <bogus+      96>:	0x00018005	0x00019025	0x0001a005	0x0001b005
0x00ffe070 <bogus+     112>:	0x0001c005	0x0001d005	0x0001e065	0x0001f065
0x00ffe080 <bogus+     128>:	0x00020025	0x00021025	0x00022065	0x00023065
0x00ffe090 <bogus+     144>:	0x00024065	0x00ffd007
<bochs:11> Next at t=116317192
(0) [0x00000000690a] 000f:0000690a (unk. ctxt): mov dword ptr ss:[ebp-28], eax ; 8945e4
<bochs:12> 