GNU gdb (Ubuntu 7.11.1-0ubuntu1~16.5) 7.11.1
Copyright (C) 2016 Free Software Foundation, Inc.
License GPLv3+: GNU GPL version 3 or later <http://gnu.org/licenses/gpl.html>
This is free software: you are free to change and redistribute it.
There is NO WARRANTY, to the extent permitted by law.  Type "show copying"
and "show warranty" for details.
This GDB was configured as "x86_64-linux-gnu".
Type "show configuration" for configuration details.
For bug reporting instructions, please see:
<http://www.gnu.org/software/gdb/bugs/>.
Find the GDB manual and other documentation resources online at:
<http://www.gnu.org/software/gdb/documentation/>.
For help, type "help".
Type "apropos word" to search for commands related to "word"...
Reading symbols from tools/system...done.
0x0000fff0 in permission (inode=0x0 <startup_32>, mask=0) at namei.c:42
42		int mode = inode->i_mode;
Breakpoint 1 at 0x6770: file init/main.c, line 105.

Breakpoint 1, main () at init/main.c:105
105	{			/* The startup routine assumes (well, ...) this */
1: current->pid = 0
(gdb) b do_no_page
Breakpoint 2 at 0xace6: file memory.c, line 367.
(gdb) c
Continuing.

Breakpoint 2, do_no_page (error_code=4, address=134217728) at memory.c:367
367	{
1: current->pid = 2
(gdb) b 376
Breakpoint 3 at 0xad28: file memory.c, line 376.
(gdb) c
Continuing.

Breakpoint 2, do_no_page (error_code=6, address=134410240) at memory.c:367
367	{
1: current->pid = 2
(gdb) c
Continuing.

Breakpoint 2, do_no_page (error_code=4, address=134243604) at memory.c:367
367	{
1: current->pid = 2
(gdb) c
Continuing.

Breakpoint 2, do_no_page (error_code=4, address=134395552) at memory.c:367
367	{
1: current->pid = 2
(gdb) c
Continuing.

Breakpoint 2, do_no_page (error_code=4, address=134376136) at memory.c:367
367	{
1: current->pid = 2
(gdb) c
Continuing.

Breakpoint 2, do_no_page (error_code=6, address=134425980) at memory.c:367
367	{
1: current->pid = 2
(gdb) c
Continuing.

Breakpoint 3, do_no_page (error_code=6, address=134422528) at memory.c:376
376			get_empty_page(address);
1: current->pid = 2
(gdb) p/x address
$1 = 0x8032000
(gdb) x/33wx 0x0
0x0 <startup_32>:	0x00001027	0x00002007	0x00003007	0x00004027
0x10 <startup_32+16>:	0x00000000	0x00026b50	0x00000000	0x00000000
0x20 <startup_32+32>:	0x00000000	0x00000000	0x00000000	0x00000000
0x30 <startup_32+48>:	0x00000000	0x00000000	0x00000000	0x00000000
0x40 <startup_32+64>:	0x00ffe027	0x00000000	0x00000000	0x00000000
0x50 <startup_32+80>:	0x00000000	0x00000000	0x00000000	0x00000000
0x60 <check_x87+6>:	0x00000000	0x00000000	0x00000000	0x00000000
0x70 <check_x87+22>:	0x00000000	0x00000000	0x00000000	0x00000000
0x80 <setup_idt+13>:	0x00ff7027
(gdb) x [K/51wx 0xff7000
0xff7000:	0x00ffa027	0x00000000	0x00000000	0x00000000
0xff7010:	0x00000000	0x00000000	0x00ff5027	0x00000000
0xff7020:	0x00000000	0x00000000	0x00000000	0x00000000
0xff7030:	0x00000000	0x00000000	0x00000000	0x00000000
0xff7040:	0x00000000	0x00000000	0x00000000	0x00000000
0xff7050:	0x00000000	0x00000000	0x00000000	0x00000000
0xff7060:	0x00000000	0x00000000	0x00000000	0x00000000
0xff7070:	0x00000000	0x00000000	0x00000000	0x00000000
0xff7080:	0x00000000	0x00000000	0x00000000	0x00000000
0xff7090:	0x00000000	0x00000000	0x00ff3027	0x00000000
0xff70a0:	0x00000000	0x00000000	0x00000000	0x00ff4027
0xff70b0:	0x00000000	0x00000000	0x00000000	0x00ff6067
0xff70c0:	0x00000000	0x00000000	0x00000000
(gdb) n
377			return;
1: current->pid = 2
(gdb) x/51wx 0xff7000
0xff7000:	0x00ffa027	0x00000000	0x00000000	0x00000000
0xff7010:	0x00000000	0x00000000	0x00ff5027	0x00000000
0xff7020:	0x00000000	0x00000000	0x00000000	0x00000000
0xff7030:	0x00000000	0x00000000	0x00000000	0x00000000
0xff7040:	0x00000000	0x00000000	0x00000000	0x00000000
0xff7050:	0x00000000	0x00000000	0x00000000	0x00000000
0xff7060:	0x00000000	0x00000000	0x00000000	0x00000000
0xff7070:	0x00000000	0x00000000	0x00000000	0x00000000
0xff7080:	0x00000000	0x00000000	0x00000000	0x00000000
0xff7090:	0x00000000	0x00000000	0x00ff3027	0x00000000
0xff70a0:	0x00000000	0x00000000	0x00000000	0x00ff4027
0xff70b0:	0x00000000	0x00000000	0x00000000	0x00ff6067
0xff70c0:	0x00000000	0x00000000	0x00ff2007
(gdb) x/4wx 0xff2000
0xff2000:	0x00000000	0x00000000	0x00000000	0x00000000
(gdb) 