GNU gdb (Ubuntu 7.11.1-0ubuntu1~16.5) 7.11.1
Copyright (C) 2016 Free Software Foundation, Inc.
License GPLv3+: GNU GPL version 3 or later <http://gnu.org/licenses/gpl.html>
This is free software: you are free to change and redistribute it.
There is NO WARRANTY, to the extent permitted by law.  Type "show copying"
and "show warranty" for details.
This GDB was configured as "x86_64-linux-gnu".
Type "show configuration" for configuration details.
For bug reporting instructions, please see:
<http://www.gnu.org/software/gdb/bugs/>.
Find the GDB manual and other documentation resources online at:
<http://www.gnu.org/software/gdb/documentation/>.
For help, type "help".
Type "apropos word" to search for commands related to "word"...
Reading symbols from tools/system...done.
0x0000fff0 in sys_pipe (fildes=0x0 <startup_32>) at pipe.c:86
86		j=0;
Breakpoint 1 at 0x67a7: file init/main.c, line 116.

Breakpoint 1, main () at init/main.c:116
116	{			/* The startup routine assumes (well, ...) this */
1: current->pid = 0
(gdb)  
(gdb) b 155 
Breakpoint 2 at 0x6969: file init/main.c, line 155.
(gdb) c
Continuing.

Breakpoint 2, main () at init/main.c:155
155					output_char('A' + mynext);
1: current->pid = 1
(gdb) p &mynext
$1 = (int *) 0x2282c <mynext>
(gdb) x/6i $eip
=> 0x6969 <main+450>:	mov    0x2282c,%eax
   0x696e <main+455>:	add    $0x41,%eax
   0x6971 <main+458>:	movsbl %al,%eax
   0x6974 <main+461>:	sub    $0xc,%esp
   0x6977 <main+464>:	push   %eax
   0x6978 <main+465>:	call   0x79ff <output_char>
(gdb) p/x $ds
$2 = 0x17
(gdb) p $ds>>3
$3 = 2
(gdb) p/x current->ldt
$4 = {{a = 0x0, b = 0x0}, {a = 0x9f, b = 0x4c0fb00}, {a = 0x9f, b = 0x4c0f300}}
(gdb) p &current->ldt
$5 = (struct desc_struct (*)[3]) 0xfff2d0
(gdb) 
$6 = (struct desc_struct (*)[3]) 0xfff2d0
(gdb) 