GNU gdb (Ubuntu 7.11.1-0ubuntu1~16.5) 7.11.1
Copyright (C) 2016 Free Software Foundation, Inc.
License GPLv3+: GNU GPL version 3 or later <http://gnu.org/licenses/gpl.html>
This is free software: you are free to change and redistribute it.
There is NO WARRANTY, to the extent permitted by law.  Type "show copying"
and "show warranty" for details.
This GDB was configured as "x86_64-linux-gnu".
Type "show configuration" for configuration details.
For bug reporting instructions, please see:
<http://www.gnu.org/software/gdb/bugs/>.
Find the GDB manual and other documentation resources online at:
<http://www.gnu.org/software/gdb/documentation/>.
For help, type "help".
Type "apropos word" to search for commands related to "word"...
Reading symbols from tools/system...done.
0x0000fff0 in permission (inode=0x0 <startup_32>, mask=0) at namei.c:42
42		int mode = inode->i_mode;
Breakpoint 1 at 0x6770: file init/main.c, line 105.

Breakpoint 1, main () at init/main.c:105
105	{			/* The startup routine assumes (well, ...) this */
1: current->pid = 0
(gdb) p/x 0x400*5
$1 = 0x1400
(gdb) p/x 0x400*0x70
$2 = 0x1c000
(gdb) p/x 0x1400+32*(0x30-1)
$3 = 0x19e0
(gdb) p/x 0x400*0x03db
$4 = 0xf6c00
(gdb) p/x 0x1400+32*(0x83-1)
$5 = 0x2440
(gdb) p/x 0x400*0x1271
$6 = 0x49c400
(gdb) p/x 0x1400+32*(0x86-1)
$7 = 0x24a0
(gdb) p/x 0x400*0x1287
$8 = 0x4a1c00
(gdb) 