GNU gdb (Ubuntu 7.11.1-0ubuntu1~16.5) 7.11.1
Copyright (C) 2016 Free Software Foundation, Inc.
License GPLv3+: GNU GPL version 3 or later <http://gnu.org/licenses/gpl.html>
This is free software: you are free to change and redistribute it.
There is NO WARRANTY, to the extent permitted by law.  Type "show copying"
and "show warranty" for details.
This GDB was configured as "x86_64-linux-gnu".
Type "show configuration" for configuration details.
For bug reporting instructions, please see:
<http://www.gnu.org/software/gdb/bugs/>.
Find the GDB manual and other documentation resources online at:
<http://www.gnu.org/software/gdb/documentation/>.
For help, type "help".
Type "apropos word" to search for commands related to "word"...
Reading symbols from tools/system...done.
0x0000fff0 in permission (inode=0x0 <startup_32>, mask=0) at namei.c:49
49		else if (current->egid==inode->i_gid)
Breakpoint 1 at 0x6770: file init/main.c, line 105.

Breakpoint 1, main () at init/main.c:105
105	{			/* The startup routine assumes (well, ...) this */
1: current->pid = 0
(gdb) b _[Ksys_read
Breakpoint 2 at 0xb832: file read_write.c, line 56.
(gdb) c
Continuing.

Breakpoint 2, sys_read (fd=0, buf=0x254fb <user_stack+3931> "", count=1)
    at read_write.c:56
56	{
1: current->pid = 1
(gdb) c
Continuing.

Breakpoint 2, sys_read (fd=3, buf=0x254fb <user_stack+3931> "", count=80)
    at read_write.c:56
56	{
1: current->pid = 1
(gdb) b bread
Breakpoint 3 at 0xd0b2: file buffer.c, line 271.
(gdb) c
Continuing.

Breakpoint 3, bread (dev=768, block=4743) at buffer.c:271
271	{
1: current->pid = 1
(gdb) b add_request
Breakpoint 4 at 0x12a27: file ll_rw_blk.c, line 65.
(gdb) c
Continuing.

Breakpoint 4, add_request (dev=0x243b8 <blk_dev+24>, 
    req=0x2663c <request+1116>) at ll_rw_blk.c:65
65	{
1: current->pid = 1
(gdb) p *dev
$1 = {request_fn = 0x14451 <do_hd_request>, current_request = 0x0 <startup_32>}
(gdb) p *req
$2 = {dev = 768, cmd = 0, errors = 0, sector = 9486, nr_sectors = 2, 
  buffer = 0x3fcc00 "", waiting = 0x0 <startup_32>, bh = 0x26820, 
  next = 0x0 <startup_32>}
(gdb) b hd_out
Breakpoint 5 at 0x14052: file hd.c, line 185.
(gdb) c
Continuing.

Breakpoint 5, hd_out (drive=0, nsect=2, sect=7, head=0, cyl=237, cmd=32, 
    intr_addr=0x1430e <read_intr>) at hd.c:185
185	{
1: current->pid = 1
(gdb) b read_intr
Breakpoint 6 at 0x1430e: file hd.c, line 253.
(gdb) c
Continuing.

Breakpoint 6, read_intr () at hd.c:253
253	{
1: current->pid = 0
(gdb) x/8xb 0x3fcc00
0x3fcc00:	0x00	0x00	0x00	0x00	0x00	0x00	0x00	0x00
(gdb) c
Continuing.

Breakpoint 6, read_intr () at hd.c:253
253	{
1: current->pid = 0
(gdb) x/8xb 0x3fcc00
0x3fcc00:	0x23	0x69	0x6e	0x63	0x6c	0x75	0x64	0x65
(gdb) b wake_up
Breakpoint 7 at 0x6f4d: file sched.c, line 190.
(gdb) c
Continuing.

Breakpoint 7, wake_up (p=0x26830) at sched.c:190
190		if (p && *p) {
1: current->pid = 0
(gdb) b sched>[K.c:15[K41
Breakpoint 8 at 0x6dfd: file sched.c, line 141.
(gdb) c
Continuing.

Breakpoint 7, wake_up (p=0x26654 <request+1140>) at sched.c:190
190		if (p && *p) {
1: current->pid = 0
(gdb) c
Continuing.

Breakpoint 7, wake_up (p=0x24380 <wait_for_request>) at sched.c:190
190		if (p && *p) {
1: current->pid = 0
(gdb) c
Continuing.

Breakpoint 8, schedule () at sched.c:141
141		switch_to(next);
1: current->pid = 0
(gdb) p c
$3 = 13
(gdb) 